Searching for include files...
Searching for example files...
Searching for images...
Searching for dot files...
Searching for msc files...
Searching for dia files...
Searching for files to exclude
Searching for files to process...
Searching for files in directory /home/travis/build/eeyaw4/Group20ProjectWork
Searching for files in directory /home/travis/build/eeyaw4/Group20ProjectWork/code_docs
Searching for files in directory /home/travis/build/eeyaw4/Group20ProjectWork/code_docs/Group20ProjectWork
Searching for files in directory /home/travis/build/eeyaw4/Group20ProjectWork/html
Searching for files in directory /home/travis/build/eeyaw4/Group20ProjectWork/html/search
Searching for files in directory /home/travis/build/eeyaw4/Group20ProjectWork/Library Code
Searching for files in directory /home/travis/build/eeyaw4/Group20ProjectWork/QtModelLoader
Searching for files in directory /home/travis/build/eeyaw4/Group20ProjectWork/QtModelLoader/Icons
Searching for files in directory /home/travis/build/eeyaw4/Group20ProjectWork/QtModelLoader/Models
Searching for files in directory /home/travis/build/eeyaw4/Group20ProjectWork/UI
Searching for files in directory /home/travis/build/eeyaw4/Group20ProjectWork/UI/icon
Reading and parsing tag files
Parsing files
Preprocessing /home/travis/build/eeyaw4/Group20ProjectWork/Library Code/Cell.cpp...
Parsing file /home/travis/build/eeyaw4/Group20ProjectWork/Library Code/Cell.cpp...
Preprocessing /home/travis/build/eeyaw4/Group20ProjectWork/Library Code/Cell.h...
Parsing file /home/travis/build/eeyaw4/Group20ProjectWork/Library Code/Cell.h...
Preprocessing /home/travis/build/eeyaw4/Group20ProjectWork/Library Code/main.cpp...
Parsing file /home/travis/build/eeyaw4/Group20ProjectWork/Library Code/main.cpp...
Preprocessing /home/travis/build/eeyaw4/Group20ProjectWork/Library Code/main.h...
Parsing file /home/travis/build/eeyaw4/Group20ProjectWork/Library Code/main.h...
Preprocessing /home/travis/build/eeyaw4/Group20ProjectWork/Library Code/Material.cpp...
Parsing file /home/travis/build/eeyaw4/Group20ProjectWork/Library Code/Material.cpp...
Preprocessing /home/travis/build/eeyaw4/Group20ProjectWork/Library Code/Material.h...
Parsing file /home/travis/build/eeyaw4/Group20ProjectWork/Library Code/Material.h...
Preprocessing /home/travis/build/eeyaw4/Group20ProjectWork/Library Code/Model.cpp...
Parsing file /home/travis/build/eeyaw4/Group20ProjectWork/Library Code/Model.cpp...
Preprocessing /home/travis/build/eeyaw4/Group20ProjectWork/Library Code/Model.h...
Parsing file /home/travis/build/eeyaw4/Group20ProjectWork/Library Code/Model.h...
Preprocessing /home/travis/build/eeyaw4/Group20ProjectWork/Library Code/Vertex.cpp...
Parsing file /home/travis/build/eeyaw4/Group20ProjectWork/Library Code/Vertex.cpp...
Preprocessing /home/travis/build/eeyaw4/Group20ProjectWork/Library Code/Vertex.h...
Parsing file /home/travis/build/eeyaw4/Group20ProjectWork/Library Code/Vertex.h...
Reading /home/travis/build/eeyaw4/Group20ProjectWork/NEWS.md...
Preprocessing /home/travis/build/eeyaw4/Group20ProjectWork/QtModelLoader/Cell.cpp...
Parsing file /home/travis/build/eeyaw4/Group20ProjectWork/QtModelLoader/Cell.cpp...
Preprocessing /home/travis/build/eeyaw4/Group20ProjectWork/QtModelLoader/Cell.h...
Parsing file /home/travis/build/eeyaw4/Group20ProjectWork/QtModelLoader/Cell.h...
Preprocessing /home/travis/build/eeyaw4/Group20ProjectWork/QtModelLoader/main.cpp...
Parsing file /home/travis/build/eeyaw4/Group20ProjectWork/QtModelLoader/main.cpp...
Preprocessing /home/travis/build/eeyaw4/Group20ProjectWork/QtModelLoader/mainwindow.cpp...
Parsing file /home/travis/build/eeyaw4/Group20ProjectWork/QtModelLoader/mainwindow.cpp...
Preprocessing /home/travis/build/eeyaw4/Group20ProjectWork/QtModelLoader/mainwindow.h...
Parsing file /home/travis/build/eeyaw4/Group20ProjectWork/QtModelLoader/mainwindow.h...
Preprocessing /home/travis/build/eeyaw4/Group20ProjectWork/QtModelLoader/Material.cpp...
Parsing file /home/travis/build/eeyaw4/Group20ProjectWork/QtModelLoader/Material.cpp...
Preprocessing /home/travis/build/eeyaw4/Group20ProjectWork/QtModelLoader/Material.h...
Parsing file /home/travis/build/eeyaw4/Group20ProjectWork/QtModelLoader/Material.h...
Preprocessing /home/travis/build/eeyaw4/Group20ProjectWork/QtModelLoader/Model.cpp...
Parsing file /home/travis/build/eeyaw4/Group20ProjectWork/QtModelLoader/Model.cpp...
Preprocessing /home/travis/build/eeyaw4/Group20ProjectWork/QtModelLoader/Model.h...
Parsing file /home/travis/build/eeyaw4/Group20ProjectWork/QtModelLoader/Model.h...
Preprocessing /home/travis/build/eeyaw4/Group20ProjectWork/QtModelLoader/Vertex.cpp...
Parsing file /home/travis/build/eeyaw4/Group20ProjectWork/QtModelLoader/Vertex.cpp...
Preprocessing /home/travis/build/eeyaw4/Group20ProjectWork/QtModelLoader/Vertex.h...
Parsing file /home/travis/build/eeyaw4/Group20ProjectWork/QtModelLoader/Vertex.h...
Reading /home/travis/build/eeyaw4/Group20ProjectWork/README.md...
Reading /home/travis/build/eeyaw4/Group20ProjectWork/TEAM.md...
Building group list...
Building directory list...
Building namespace list...
Building file list...
Building class list...
Associating documentation with classes...
Computing nesting relations for classes...
Building example list...
Searching for enumerations...
Searching for documented typedefs...
Searching for members imported via using declarations...
Searching for included using directives...
Searching for documented variables...
Building interface member list...
Building member list...
Searching for friends...
Searching for documented defines...
Computing class inheritance relations...
Computing class usage relations...
Flushing cached template relations that have become invalid...
Creating members for template instances...
Computing class relations...
Add enum values to enums...
Searching for member function documentation...
Building page list...
Search for main page...
Computing page relations...
Determining the scope of groups...
Sorting lists...
Freeing entry tree
Determining which enums are documented
Computing member relations...
Building full member lists recursively...
Adding members to member groups.
Computing member references...
Inheriting documentation...
Generating disk names...
Adding source references...
Adding xrefitems...
Sorting member lists...
Computing dependencies between directories...
Generating citations page...
Counting data structures...
Resolving user defined references...
Finding anchors and sections in the documentation...
Transferring function references...
Combining using relations...
Adding members to index pages...
Generating style sheet...
Generating search indices...
Generating example documentation...
Generating file sources...
Generating code for file /home/travis/build/eeyaw4/Group20ProjectWork/Library Code/Cell.h...
Generating code for file /home/travis/build/eeyaw4/Group20ProjectWork/QtModelLoader/Cell.h...
Generating code for file /home/travis/build/eeyaw4/Group20ProjectWork/Library Code/main.h...
Generating code for file /home/travis/build/eeyaw4/Group20ProjectWork/Library Code/Material.h...
Generating code for file /home/travis/build/eeyaw4/Group20ProjectWork/QtModelLoader/Material.h...
Generating code for file /home/travis/build/eeyaw4/Group20ProjectWork/Library Code/Model.h...
Generating code for file /home/travis/build/eeyaw4/Group20ProjectWork/QtModelLoader/Model.h...
Generating code for file /home/travis/build/eeyaw4/Group20ProjectWork/Library Code/Vertex.h...
Generating code for file /home/travis/build/eeyaw4/Group20ProjectWork/QtModelLoader/Vertex.h...
Generating code for file /home/travis/build/eeyaw4/Group20ProjectWork/QtModelLoader/mainwindow.h...
Generating file documentation...
Generating docs for file /home/travis/build/eeyaw4/Group20ProjectWork/QtModelLoader/main.cpp...
Generating docs for file /home/travis/build/eeyaw4/Group20ProjectWork/QtModelLoader/mainwindow.cpp...
Generating page documentation...
Generating docs for page md__home_travis_build_eeyaw4_Group20ProjectWork_NEWS...
Generating docs for page md__home_travis_build_eeyaw4_Group20ProjectWork_README...
Generating docs for page md__home_travis_build_eeyaw4_Group20ProjectWork_TEAM...
Generating group documentation...
Generating class documentation...
Generating docs for compound Cell...
Generating docs for compound MainWindow...
Generating docs for compound Material...
Generating docs for compound Model...
Generating docs for compound Vertex...
Generating namespace index...
Generating graph info page...
Generating directory documentation...
Generating index page...
Generating page index...
Generating module index...
Generating namespace index...
Generating namespace member index...
Generating annotated compound index...
Generating alphabetical compound index...
Generating hierarchical class index...
Generating member index...
Generating file index...
Generating file member index...
Generating example index...
finalizing index lists...
lookup cache used 230/65536 hits=1185 misses=234
finished...
